<?xml version="1.0" encoding="UTF-8"?>
<!-- Generated by org.testng.reporters.JUnitReportReporter -->
<testsuite hostname="AKHIL" failures="0" tests="2" name="TestScripts.SampleTwoTest" time="0.010" errors="0" timestamp="2023-05-09T17:46:31 IST" skipped="0">
  <testcase classname="TestScripts.SampleTwoTest" name="TestOne" time="0.009"/>
  <system-out/>
  <testcase classname="TestScripts.SampleTwoTest" name="TestTwo" time="0.001"/>
  <system-out/>
</testsuite> <!-- TestScripts.SampleTwoTest -->
