<?xml version="1.0" encoding="UTF-8"?>
<!-- Generated by org.testng.reporters.JUnitReportReporter -->
<testsuite hostname="AKHIL" failures="0" tests="1" name="TestScripts.OpenClassRegForm" time="5.348" errors="0" timestamp="2023-05-09T18:02:50 IST" skipped="0">
  <testcase classname="TestScripts.OpenClassRegForm" name="Setup" time="5.348"/>
  <system-out/>
</testsuite> <!-- TestScripts.OpenClassRegForm -->
