<?xml version="1.0" encoding="UTF-8"?>
<!-- Generated by org.testng.reporters.JUnitReportReporter -->
<testsuite hostname="AKHIL" failures="0" tests="4" name="ParallelScripts.SampleTwoTest" time="0.004" errors="0" timestamp="2023-05-10T15:10:42 IST" skipped="0">
  <testcase classname="ParallelScripts.SampleTwoTest" name="testFour" time="0.001"/>
  <system-out/>
  <testcase classname="ParallelScripts.SampleTwoTest" name="testThree" time="0.001"/>
  <system-out/>
  <testcase classname="ParallelScripts.SampleTwoTest" name="testTwo" time="0.001"/>
  <system-out/>
  <testcase classname="ParallelScripts.SampleTwoTest" name="testOne" time="0.001"/>
  <system-out/>
</testsuite> <!-- ParallelScripts.SampleTwoTest -->
