<?xml version="1.0" encoding="UTF-8"?>
<!-- Generated by org.testng.reporters.JUnitReportReporter -->
<testsuite hostname="AKHIL" failures="0" tests="4" name="ParallelScripts.SampleThreeTest" time="0.090" errors="0" timestamp="2023-05-10T15:10:42 IST" skipped="0">
  <testcase classname="ParallelScripts.SampleThreeTest" name="TestOne" time="0.006"/>
  <system-out/>
  <testcase classname="ParallelScripts.SampleThreeTest" name="TestFour" time="0.081"/>
  <system-out/>
  <testcase classname="ParallelScripts.SampleThreeTest" name="TestThree" time="0.002"/>
  <system-out/>
  <testcase classname="ParallelScripts.SampleThreeTest" name="TestTwo" time="0.001"/>
  <system-out/>
</testsuite> <!-- ParallelScripts.SampleThreeTest -->
