<?xml version="1.0" encoding="UTF-8"?>
<!-- Generated by org.testng.reporters.JUnitReportReporter -->
<testsuite hostname="AKHIL" failures="0" tests="2" name="TestScripts.SampleThreeTest" time="0.002" errors="0" timestamp="2023-05-09T17:46:31 IST" skipped="0">
  <testcase classname="TestScripts.SampleThreeTest" name="TestThree" time="0.001"/>
  <system-out/>
  <testcase classname="TestScripts.SampleThreeTest" name="TestTwo" time="0.001"/>
  <system-out/>
</testsuite> <!-- TestScripts.SampleThreeTest -->
