<?xml version="1.0" encoding="UTF-8"?>
<!-- Generated by org.testng.reporters.JUnitReportReporter -->
<testsuite hostname="AKHIL" failures="0" tests="1" name="TestScripts.RemoteDriverTest" time="14.462" errors="0" timestamp="2023-05-11T18:02:03 IST" skipped="0">
  <testcase classname="TestScripts.RemoteDriverTest" name="test" time="14.462"/>
  <system-out/>
</testsuite> <!-- TestScripts.RemoteDriverTest -->
