<?xml version="1.0" encoding="UTF-8"?>
<!-- Generated by org.testng.reporters.JUnitReportReporter -->
<testsuite hostname="AKHIL" failures="0" tests="3" name="ParallelScripts.LoginTest" time="13.939" errors="0" timestamp="2023-05-10T17:18:50 IST" skipped="0">
  <testcase classname="ParallelScripts.LoginTest" name="vaildLogin" time="4.138"/>
  <system-out/>
  <testcase classname="ParallelScripts.LoginTest" name="vaildLogin" time="6.047"/>
  <system-out/>
  <testcase classname="ParallelScripts.LoginTest" name="vaildLogin" time="3.754"/>
  <system-out/>
</testsuite> <!-- ParallelScripts.LoginTest -->
