<?xml version="1.0" encoding="UTF-8"?>
<!-- Generated by org.testng.reporters.JUnitReportReporter -->
<testsuite hostname="AKHIL" failures="0" tests="9" name="ParallelScripts.SampleOneTest" time="0.069" errors="0" timestamp="2023-05-10T15:10:42 IST" skipped="0">
  <testcase classname="ParallelScripts.SampleOneTest" name="TestTwo" time="0.001"/>
  <system-out/>
  <testcase classname="ParallelScripts.SampleOneTest" name="TestFour" time="0.018"/>
  <system-out/>
  <testcase classname="ParallelScripts.SampleOneTest" name="TestThree" time="0.001"/>
  <system-out/>
  <testcase classname="ParallelScripts.SampleOneTest" name="TestFour" time="0.002"/>
  <system-out/>
  <testcase classname="ParallelScripts.SampleOneTest" name="TestFour" time="0.019"/>
  <system-out/>
  <testcase classname="ParallelScripts.SampleOneTest" name="TestFour" time="0.004"/>
  <system-out/>
  <testcase classname="ParallelScripts.SampleOneTest" name="TestFour" time="0.018"/>
  <system-out/>
  <testcase classname="ParallelScripts.SampleOneTest" name="TestFour" time="0.005"/>
  <system-out/>
  <testcase classname="ParallelScripts.SampleOneTest" name="TestOne" time="0.001"/>
  <system-out/>
</testsuite> <!-- ParallelScripts.SampleOneTest -->
